TN:
SF:/Users/mahmutduva/Desktop/myProjects/angular-aside-menu/src/aside-menu.js
FN:16,(anonymous_1)
FN:21,(anonymous_2)
FN:47,(anonymous_3)
FN:54,(anonymous_4)
FN:162,(anonymous_5)
FN:167,(anonymous_6)
FN:218,(anonymous_7)
FN:224,(anonymous_8)
FN:235,(anonymous_9)
FN:240,(anonymous_10)
FN:243,(anonymous_11)
FNF:11
FNH:2
FNDA:0,(anonymous_1)
FNDA:0,(anonymous_2)
FNDA:0,(anonymous_3)
FNDA:0,(anonymous_4)
FNDA:1,(anonymous_5)
FNDA:1,(anonymous_6)
FNDA:0,(anonymous_7)
FNDA:0,(anonymous_8)
FNDA:0,(anonymous_9)
FNDA:0,(anonymous_10)
FNDA:0,(anonymous_11)
DA:14,1
DA:19,0
DA:25,0
DA:29,0
DA:33,0
DA:37,0
DA:47,0
DA:50,0
DA:54,0
DA:58,0
DA:59,0
DA:64,0
DA:65,0
DA:66,0
DA:67,0
DA:68,0
DA:69,0
DA:71,0
DA:72,0
DA:73,0
DA:77,0
DA:78,0
DA:81,0
DA:89,0
DA:92,0
DA:94,0
DA:97,0
DA:102,0
DA:108,0
DA:110,0
DA:113,0
DA:118,0
DA:124,0
DA:127,0
DA:129,0
DA:139,0
DA:142,0
DA:149,0
DA:165,1
DA:169,1
DA:172,1
DA:175,1
DA:178,1
DA:181,1
DA:184,0
DA:186,0
DA:193,0
DA:196,0
DA:199,0
DA:202,0
DA:204,0
DA:221,0
DA:227,0
DA:238,0
DA:243,0
DA:246,0
DA:247,0
DA:248,0
DA:249,0
DA:250,0
LF:60
LH:7
BRDA:58,1,0,0
BRDA:58,1,1,0
BRDA:64,2,0,0
BRDA:64,2,1,0
BRDA:71,3,0,0
BRDA:71,3,1,0
BRDA:89,4,0,0
BRDA:89,4,1,0
BRDA:92,5,0,0
BRDA:92,5,1,0
BRDA:94,6,0,0
BRDA:94,6,1,0
BRDA:108,7,0,0
BRDA:108,7,1,0
BRDA:110,8,0,0
BRDA:110,8,1,0
BRDA:124,9,0,0
BRDA:124,9,1,0
BRDA:139,10,0,0
BRDA:139,10,1,0
BRDA:175,11,0,1
BRDA:175,11,1,0
BRDA:181,12,0,0
BRDA:181,12,1,1
BRDA:193,13,0,0
BRDA:193,13,1,0
BRDA:199,14,0,0
BRDA:199,14,1,0
BRF:28
BRH:2
end_of_record
